<?xml version="1.0" encoding="UTF-8"?>
<!-- Generated by org.testng.reporters.JUnitReportReporter -->
<testsuite skipped="1" hostname="DESKTOP-HJFUPPQ" name="eTaller.appium.main.mainTest2" tests="5" failures="0" timestamp="2020-04-24T01:58:35 COT" time="40.541" errors="0">
  <testcase name="testCaseSkipException" time="0.005" classname="eTaller.appium.main.mainTest2"/>
  <system-out/>
  <testcase name="Test_DragAndDrop" time="16.708" classname="eTaller.appium.main.mainTest2"/>
  <system-out/>
  <testcase name="IniciarSesion" time="10.619" classname="eTaller.appium.main.mainTest2"/>
  <system-out/>
  <testcase name="Test_NativeView" time="13.209" classname="eTaller.appium.main.mainTest2"/>
  <system-out/>
  <testcase name="Test_Slider" classname="eTaller.appium.main.mainTest2">
    <skipped/>
  </testcase> <!-- Test_Slider -->
  <system-out/>
</testsuite> <!-- eTaller.appium.main.mainTest2 -->
